<?xml version="1.0" encoding="UTF-8"?>
<testng-results ignored="0" total="1" passed="1" failed="0" skipped="0">
  <reporter-output>
  </reporter-output>
  <suite started-at="2025-10-17T15:57:39 CST" name="Default suite" finished-at="2025-10-17T15:58:20 CST" duration-ms="41017">
    <groups>
    </groups>
    <test started-at="2025-10-17T15:57:39 CST" name="Default test" finished-at="2025-10-17T15:58:20 CST" duration-ms="41017">
      <class name="AstroArcPOM.Test_astro">
        <test-method is-config="true" signature="start()[pri:0, instance:AstroArcPOM.Test_astro@f5958c9]" started-at="2025-10-17T15:57:39 CST" name="start" finished-at="2025-10-17T15:57:45 CST" duration-ms="5670" status="PASS">
          <reporter-output>
          </reporter-output>
        </test-method> <!-- start -->
        <test-method signature="paymentWithCrypto()[pri:0, instance:AstroArcPOM.Test_astro@f5958c9]" started-at="2025-10-17T15:57:45 CST" name="paymentWithCrypto" finished-at="2025-10-17T15:58:20 CST" duration-ms="34821" status="PASS">
          <reporter-output>
          </reporter-output>
        </test-method> <!-- paymentWithCrypto -->
        <test-method is-config="true" signature="finishMethod()[pri:0, instance:AstroArcPOM.Test_astro@f5958c9]" started-at="2025-10-17T15:58:20 CST" name="finishMethod" finished-at="2025-10-17T15:58:20 CST" duration-ms="432" status="PASS">
          <reporter-output>
          </reporter-output>
        </test-method> <!-- finishMethod -->
      </class> <!-- AstroArcPOM.Test_astro -->
    </test> <!-- Default test -->
  </suite> <!-- Default suite -->
</testng-results>
